Arguments: 
  /usr/local/bin/node /usr/local/Cellar/yarn/1.22.11/libexec/bin/yarn.js install

PATH: 
  /Users/canguven/.npm-global/bin:/usr/local/bin:/usr/bin:/bin:/usr/sbin:/sbin:/Library/Apple/usr/bin

Yarn version: 
  1.22.11

Node version: 
  16.7.0

Platform: 
  darwin x64

Trace: 
  SyntaxError: /Users/canguven/Documents/React/To-Do-List/services/client/package.json: Unexpected token } in JSON at position 363
      at JSON.parse (<anonymous>)
      at /usr/local/Cellar/yarn/1.22.11/libexec/lib/cli.js:1625:59
      at Generator.next (<anonymous>)
      at step (/usr/local/Cellar/yarn/1.22.11/libexec/lib/cli.js:310:30)
      at /usr/local/Cellar/yarn/1.22.11/libexec/lib/cli.js:321:13

npm manifest: 
  {
    "name": "client",
    "version": "0.0.1",
    "description": "Reactjs To-Do Application",
    "main": "index.js",
    "author": "Can Guven",
    "license": "MIT",
    "private": true,
    "dependencies": {
      "react": "^17.0.2",
      "react-dom": "^17.0.2"
    },
    "scripts": {
      "build": "webpack --mode production",
      "serve": "webpack serve --mode development"
    },
  
  }

yarn manifest: 
  No manifest

Lockfile: 
  No lockfile
